Using DB: /tmp/crunch.db
Rate Limit: 30
DB is valid
got a str of length 9
will save http://api.crunchbase.com/v/1/company/akaaki.js to /tmp/crunch/crunch/akaaki
got a str of length 9
will save http://api.crunchbase.com/v/1/company/casalemedia.js to /tmp/crunch/crunch/casalemedia
got a str of length 9
will save http://api.crunchbase.com/v/1/company/tribalfusion.js to /tmp/crunch/crunch/tribalfusion
got a str of length 9
will save http://api.crunchbase.com/v/1/company/thirdscreenmedia.js to /tmp/crunch/crunch/thirdscreenmedia
got a str of length 9
will save http://api.crunchbase.com/v/1/company/locamoda.js to /tmp/crunch/crunch/locamoda
got a str of length 9
will save http://api.crunchbase.com/v/1/company/rooftopcomedy.js to /tmp/crunch/crunch/rooftopcomedy
got a str of length 9
will save http://api.crunchbase.com/v/1/company/mulesource.js to /tmp/crunch/crunch/mulesource
got a str of length 9
will save http://api.crunchbase.com/v/1/company/airg.js to /tmp/crunch/crunch/airg
got a str of length 9
will save http://api.crunchbase.com/v/1/company/federatedmedia.js to /tmp/crunch/crunch/federatedmedia
got a str of length 9
will save http://api.crunchbase.com/v/1/company/youbeqb.js to /tmp/crunch/crunch/youbeqb
got a str of length 9
will save http://api.crunchbase.com/v/1/company/emusic.js to /tmp/crunch/crunch/emusic
got a str of length 9
will save http://api.crunchbase.com/v/1/company/vivendiuniversal.js to /tmp/crunch/crunch/vivendiuniversal
got a str of length 9
will save http://api.crunchbase.com/v/1/company/rampedmedia.js to /tmp/crunch/crunch/rampedmedia
got a str of length 9
will save http://api.crunchbase.com/v/1/company/channeladvisor.js to /tmp/crunch/crunch/channeladvisor
got a str of length 9
will save http://api.crunchbase.com/v/1/company/yap.js to /tmp/crunch/crunch/yap
got a str of length 9
will save http://api.crunchbase.com/v/1/company/frazr.js to /tmp/crunch/crunch/frazr
got a str of length 9
will save http://api.crunchbase.com/v/1/company/tizra.js to /tmp/crunch/crunch/tizra
got a str of length 9
will save http://api.crunchbase.com/v/1/company/punchstock.js to /tmp/crunch/crunch/punchstock
got a str of length 9
will save http://api.crunchbase.com/v/1/company/gettyimages.js to /tmp/crunch/crunch/gettyimages
got a str of length 9
will save http://api.crunchbase.com/v/1/company/deliveryagent.js to /tmp/crunch/crunch/deliveryagent
got a str of length 9
will save http://api.crunchbase.com/v/1/company/gochongo.js to /tmp/crunch/crunch/gochongo
got a str of length 9
will save http://api.crunchbase.com/v/1/company/minglebox.js to /tmp/crunch/crunch/minglebox
got a str of length 9
will save http://api.crunchbase.com/v/1/company/myzimu.js to /tmp/crunch/crunch/myzimu
got a str of length 9
will save http://api.crunchbase.com/v/1/company/signalmatch.js to /tmp/crunch/crunch/signalmatch
got a str of length 9
will save http://api.crunchbase.com/v/1/company/testfreaks.js to /tmp/crunch/crunch/testfreaks
got a str of length 9
will save http://api.crunchbase.com/v/1/company/itiva.js to /tmp/crunch/crunch/itiva
got a str of length 9
will save http://api.crunchbase.com/v/1/company/quattro-wireless.js to /tmp/crunch/crunch/quattro-wireless
got a str of length 9
will save http://api.crunchbase.com/v/1/company/blogsigs.js to /tmp/crunch/crunch/blogsigs
got a str of length 9
will save http://api.crunchbase.com/v/1/company/videojug.js to /tmp/crunch/crunch/videojug
got a str of length 9
will save http://api.crunchbase.com/v/1/company/mypunchbowl.js to /tmp/crunch/crunch/mypunchbowl
got a str of length 9
will save http://api.crunchbase.com/v/1/company/ripl.js to /tmp/crunch/crunch/ripl
got a str of length 9
will save http://api.crunchbase.com/v/1/company/bbe.js to /tmp/crunch/crunch/bbe
got a str of length 9
will save http://api.crunchbase.com/v/1/company/communityconnect.js to /tmp/crunch/crunch/communityconnect
got a str of length 9
will save http://api.crunchbase.com/v/1/company/glu.js to /tmp/crunch/crunch/glu
got a str of length 9
will save http://api.crunchbase.com/v/1/company/nellymoser.js to /tmp/crunch/crunch/nellymoser
got a str of length 9
will save http://api.crunchbase.com/v/1/company/mylife-2.js to /tmp/crunch/crunch/mylife-2
got a str of length 9
will save http://api.crunchbase.com/v/1/company/tacoda.js to /tmp/crunch/crunch/tacoda
got a str of length 9
will save http://api.crunchbase.com/v/1/company/thumbplay.js to /tmp/crunch/crunch/thumbplay
got a str of length 9
will save http://api.crunchbase.com/v/1/company/waterfrontmedia.js to /tmp/crunch/crunch/waterfrontmedia
got a str of length 9
will save http://api.crunchbase.com/v/1/company/fotolog.js to /tmp/crunch/crunch/fotolog
got a str of length 9
will save http://api.crunchbase.com/v/1/company/y2m.js to /tmp/crunch/crunch/y2m
got a str of length 9
will save http://api.crunchbase.com/v/1/company/sconex.js to /tmp/crunch/crunch/sconex
got a str of length 9
will save http://api.crunchbase.com/v/1/company/lycos.js to /tmp/crunch/crunch/lycos
got a str of length 9
will save http://api.crunchbase.com/v/1/company/xfire.js to /tmp/crunch/crunch/xfire
got a str of length 9
will save http://api.crunchbase.com/v/1/company/myofferpal.js to /tmp/crunch/crunch/myofferpal
got a str of length 9
will save http://api.crunchbase.com/v/1/company/alloy.js to /tmp/crunch/crunch/alloy
got a str of length 9
will save http://api.crunchbase.com/v/1/company/ivillage.js to /tmp/crunch/crunch/ivillage
got a str of length 9
will save http://api.crunchbase.com/v/1/company/mixercast.js to /tmp/crunch/crunch/mixercast
got a str of length 9
will save http://api.crunchbase.com/v/1/company/gtxglobal.js to /tmp/crunch/crunch/gtxglobal
got a str of length 9
will save http://api.crunchbase.com/v/1/company/wonga.js to /tmp/crunch/crunch/wonga
got a str of length 9
will save http://api.crunchbase.com/v/1/company/tungle.js to /tmp/crunch/crunch/tungle
got a str of length 9
will save http://api.crunchbase.com/v/1/company/yadio.js to /tmp/crunch/crunch/yadio
got a str of length 9
will save http://api.crunchbase.com/v/1/company/himedia.js to /tmp/crunch/crunch/himedia
got a str of length 9
will save http://api.crunchbase.com/v/1/company/itv.js to /tmp/crunch/crunch/itv
got a str of length 9
will save http://api.crunchbase.com/v/1/company/friendsreunited.js to /tmp/crunch/crunch/friendsreunited
got a str of length 9
will save http://api.crunchbase.com/v/1/company/ignentertainment.js to /tmp/crunch/crunch/ignentertainment
got a str of length 9
will save http://api.crunchbase.com/v/1/company/snaptell.js to /tmp/crunch/crunch/snaptell
got a str of length 9
will save http://api.crunchbase.com/v/1/company/intermixmedia.js to /tmp/crunch/crunch/intermixmedia
got a str of length 9
will save http://api.crunchbase.com/v/1/company/primedia.js to /tmp/crunch/crunch/primedia
got a str of length 9
will save http://api.crunchbase.com/v/1/company/tradera.js to /tmp/crunch/crunch/tradera
got a str of length 9
will save http://api.crunchbase.com/v/1/company/trademe.js to /tmp/crunch/crunch/trademe
got a str of length 9
will save http://api.crunchbase.com/v/1/company/care-com.js to /tmp/crunch/crunch/care-com
got a str of length 9
will save http://api.crunchbase.com/v/1/company/marchex.js to /tmp/crunch/crunch/marchex
got a str of length 9
will save http://api.crunchbase.com/v/1/company/openlist.js to /tmp/crunch/crunch/openlist
got a str of length 9
will save http://api.crunchbase.com/v/1/company/tutor.js to /tmp/crunch/crunch/tutor
got a str of length 9
will save http://api.crunchbase.com/v/1/company/uswitch.js to /tmp/crunch/crunch/uswitch
got a str of length 9
will save http://api.crunchbase.com/v/1/company/dmarcbroadcasting.js to /tmp/crunch/crunch/dmarcbroadcasting
got a str of length 9
will save http://api.crunchbase.com/v/1/company/gusplc.js to /tmp/crunch/crunch/gusplc
got a str of length 9
will save http://api.crunchbase.com/v/1/company/pricegrabber.js to /tmp/crunch/crunch/pricegrabber
got a str of length 9
will save http://api.crunchbase.com/v/1/company/microplace.js to /tmp/crunch/crunch/microplace
got a str of length 9
will save http://api.crunchbase.com/v/1/company/eyejot.js to /tmp/crunch/crunch/eyejot
got a str of length 9
will save http://api.crunchbase.com/v/1/company/mtraks.js to /tmp/crunch/crunch/mtraks
got a str of length 9
will save http://api.crunchbase.com/v/1/company/fortiusone.js to /tmp/crunch/crunch/fortiusone
got a str of length 9
will save http://api.crunchbase.com/v/1/company/spiceworks.js to /tmp/crunch/crunch/spiceworks
got a str of length 9
will save http://api.crunchbase.com/v/1/company/ijigg.js to /tmp/crunch/crunch/ijigg
got a str of length 9
will save http://api.crunchbase.com/v/1/company/myheritage.js to /tmp/crunch/crunch/myheritage
got a str of length 9
will save http://api.crunchbase.com/v/1/company/mesadynamics.js to /tmp/crunch/crunch/mesadynamics
got a str of length 9
will save http://api.crunchbase.com/v/1/company/contrastream.js to /tmp/crunch/crunch/contrastream
got a str of length 9
will save http://api.crunchbase.com/v/1/company/videohybrid.js to /tmp/crunch/crunch/videohybrid
got a str of length 9
will save http://api.crunchbase.com/v/1/company/finetune.js to /tmp/crunch/crunch/finetune
got a str of length 9
will save http://api.crunchbase.com/v/1/company/collagr.js to /tmp/crunch/crunch/collagr
got a str of length 9
will save http://api.crunchbase.com/v/1/company/circlelending.js to /tmp/crunch/crunch/circlelending
got a str of length 9
will save http://api.crunchbase.com/v/1/company/virginusa.js to /tmp/crunch/crunch/virginusa
got a str of length 9
will save http://api.crunchbase.com/v/1/company/onforce.js to /tmp/crunch/crunch/onforce
got a str of length 9
will save http://api.crunchbase.com/v/1/company/mayasmom.js to /tmp/crunch/crunch/mayasmom
got a str of length 9
will save http://api.crunchbase.com/v/1/company/xora.js to /tmp/crunch/crunch/xora
got a str of length 9
will save http://api.crunchbase.com/v/1/company/omgpop.js to /tmp/crunch/crunch/omgpop
got a str of length 9
will save http://api.crunchbase.com/v/1/company/ooyala.js to /tmp/crunch/crunch/ooyala
got a str of length 9
will save http://api.crunchbase.com/v/1/company/daylife.js to /tmp/crunch/crunch/daylife
got a str of length 9
will save http://api.crunchbase.com/v/1/company/crowdspirit.js to /tmp/crunch/crunch/crowdspirit
got a str of length 9
will save http://api.crunchbase.com/v/1/company/saynow.js to /tmp/crunch/crunch/saynow
got a str of length 9
will save http://api.crunchbase.com/v/1/company/crunchyroll.js to /tmp/crunch/crunch/crunchyroll
got a str of length 9
will save http://api.crunchbase.com/v/1/company/greenborder.js to /tmp/crunch/crunch/greenborder
got a str of length 9
will save http://api.crunchbase.com/v/1/company/circleup.js to /tmp/crunch/crunch/circleup
got a str of length 9
will save http://api.crunchbase.com/v/1/company/pixsense.js to /tmp/crunch/crunch/pixsense
got a str of length 9
will save http://api.crunchbase.com/v/1/company/danal.js to /tmp/crunch/crunch/danal
got a str of length 9
will save http://api.crunchbase.com/v/1/company/contactoffice.js to /tmp/crunch/crunch/contactoffice
got a str of length 9
will save http://api.crunchbase.com/v/1/company/brightspot-tv.js to /tmp/crunch/crunch/brightspot-tv
got a str of length 9
will save http://api.crunchbase.com/v/1/company/behance.js to /tmp/crunch/crunch/behance
got a str of length 9
will save http://api.crunchbase.com/v/1/company/magnify.js to /tmp/crunch/crunch/magnify
got a str of length 9
will save http://api.crunchbase.com/v/1/company/yugma.js to /tmp/crunch/crunch/yugma
got a str of length 9
will save http://api.crunchbase.com/v/1/company/myndnet.js to /tmp/crunch/crunch/myndnet
got a str of length 9
will save http://api.crunchbase.com/v/1/company/glimpse.js to /tmp/crunch/crunch/glimpse
got a str of length 9
will save http://api.crunchbase.com/v/1/company/thembid.js to /tmp/crunch/crunch/thembid
got a str of length 9
will save http://api.crunchbase.com/v/1/company/hulu.js to /tmp/crunch/crunch/hulu
got a str of length 9
will save http://api.crunchbase.com/v/1/company/ourstory.js to /tmp/crunch/crunch/ourstory
got a str of length 9
will save http://api.crunchbase.com/v/1/company/storyofmylife.js to /tmp/crunch/crunch/storyofmylife
got a str of length 9
will save http://api.crunchbase.com/v/1/company/specificmedia.js to /tmp/crunch/crunch/specificmedia
got a str of length 9
will save http://api.crunchbase.com/v/1/company/imeem.js to /tmp/crunch/crunch/imeem
got a str of length 9
will save http://api.crunchbase.com/v/1/company/admob.js to /tmp/crunch/crunch/admob
got a str of length 9
will save http://api.crunchbase.com/v/1/company/faroo.js to /tmp/crunch/crunch/faroo
got a str of length 9
will save http://api.crunchbase.com/v/1/company/agentmatch.js to /tmp/crunch/crunch/agentmatch
got a str of length 9
will save http://api.crunchbase.com/v/1/company/alawarentertainment.js to /tmp/crunch/crunch/alawarentertainment
got a str of length 9
will save http://api.crunchbase.com/v/1/company/parlano.js to /tmp/crunch/crunch/parlano
got a str of length 9
will save http://api.crunchbase.com/v/1/company/mysql.js to /tmp/crunch/crunch/mysql
got a str of length 9
will save http://api.crunchbase.com/v/1/company/attributor.js to /tmp/crunch/crunch/attributor
got a str of length 9
will save http://api.crunchbase.com/v/1/company/swatchboxtechnologies.js to /tmp/crunch/crunch/swatchboxtechnologies
got a str of length 9
will save http://api.crunchbase.com/v/1/company/teachthepeople.js to /tmp/crunch/crunch/teachthepeople
got a str of length 9
will save http://api.crunchbase.com/v/1/company/elephantdrive.js to /tmp/crunch/crunch/elephantdrive
got a str of length 9
will save http://api.crunchbase.com/v/1/company/healthcare-health-human-powered-search.js to /tmp/crunch/crunch/healthcare-health-human-powered-search
got a str of length 9
will save http://api.crunchbase.com/v/1/company/nemedia.js to /tmp/crunch/crunch/nemedia
got a str of length 9
will save http://api.crunchbase.com/v/1/company/socialmedia.js to /tmp/crunch/crunch/socialmedia
got a str of length 9
will save http://api.crunchbase.com/v/1/company/4info.js to /tmp/crunch/crunch/4info
got a str of length 9
will save http://api.crunchbase.com/v/1/company/lineupnewyork.js to /tmp/crunch/crunch/lineupnewyork
got a str of length 9
will save http://api.crunchbase.com/v/1/company/mediapops.js to /tmp/crunch/crunch/mediapops
got a str of length 9
will save http://api.crunchbase.com/v/1/company/musicshake.js to /tmp/crunch/crunch/musicshake
got a str of length 9
will save http://api.crunchbase.com/v/1/company/befunky.js to /tmp/crunch/crunch/befunky
got a str of length 9
will save http://api.crunchbase.com/v/1/company/trutap.js to /tmp/crunch/crunch/trutap
got a str of length 9
will save http://api.crunchbase.com/v/1/company/clickz.js to /tmp/crunch/crunch/clickz
got a str of length 9
will save http://api.crunchbase.com/v/1/company/jupitermedia.js to /tmp/crunch/crunch/jupitermedia
got a str of length 9
will save http://api.crunchbase.com/v/1/company/incisivemedia.js to /tmp/crunch/crunch/incisivemedia
got a str of length 9
will save http://api.crunchbase.com/v/1/company/peekyou.js to /tmp/crunch/crunch/peekyou
got a str of length 9
will save http://api.crunchbase.com/v/1/company/jive-software.js to /tmp/crunch/crunch/jive-software
got a str of length 9
will save http://api.crunchbase.com/v/1/company/webclients.js to /tmp/crunch/crunch/webclients
got a str of length 9
will save http://api.crunchbase.com/v/1/company/gotstatus.js to /tmp/crunch/crunch/gotstatus
got a str of length 9
will save http://api.crunchbase.com/v/1/company/demandmedia.js to /tmp/crunch/crunch/demandmedia
got a str of length 9
will save http://api.crunchbase.com/v/1/company/zocdoc.js to /tmp/crunch/crunch/zocdoc
got a str of length 9
will save http://api.crunchbase.com/v/1/company/mozy.js to /tmp/crunch/crunch/mozy
got a str of length 9
will save http://api.crunchbase.com/v/1/company/woome.js to /tmp/crunch/crunch/woome
got a str of length 9
will save http://api.crunchbase.com/v/1/company/cubictelecom.js to /tmp/crunch/crunch/cubictelecom
got a str of length 9
will save http://api.crunchbase.com/v/1/company/viewdle.js to /tmp/crunch/crunch/viewdle
got a str of length 9
will save http://api.crunchbase.com/v/1/company/mixx.js to /tmp/crunch/crunch/mixx
got a str of length 9
will save http://api.crunchbase.com/v/1/company/tripit.js to /tmp/crunch/crunch/tripit
got a str of length 9
will save http://api.crunchbase.com/v/1/company/pubmatic.js to /tmp/crunch/crunch/pubmatic
got a str of length 9
will save http://api.crunchbase.com/v/1/company/genwi.js to /tmp/crunch/crunch/genwi
got a str of length 9
will save http://api.crunchbase.com/v/1/company/kerpoof.js to /tmp/crunch/crunch/kerpoof
got a str of length 9
will save http://api.crunchbase.com/v/1/company/mint.js to /tmp/crunch/crunch/mint
got a str of length 9
will save http://api.crunchbase.com/v/1/company/itema.js to /tmp/crunch/crunch/itema
got a str of length 9
will save http://api.crunchbase.com/v/1/company/cognitivecode.js to /tmp/crunch/crunch/cognitivecode
got a str of length 9
will save http://api.crunchbase.com/v/1/company/sertifi.js to /tmp/crunch/crunch/sertifi
got a str of length 9
will save http://api.crunchbase.com/v/1/company/cakefinancial.js to /tmp/crunch/crunch/cakefinancial
got a str of length 9
will save http://api.crunchbase.com/v/1/company/app2you.js to /tmp/crunch/crunch/app2you
got a str of length 9
will save http://api.crunchbase.com/v/1/company/orgoo.js to /tmp/crunch/crunch/orgoo
got a str of length 9
will save http://api.crunchbase.com/v/1/company/hyliosoft.js to /tmp/crunch/crunch/hyliosoft
got a str of length 9
will save http://api.crunchbase.com/v/1/company/wixi.js to /tmp/crunch/crunch/wixi
got a str of length 9
will save http://api.crunchbase.com/v/1/company/believedigital.js to /tmp/crunch/crunch/believedigital
got a str of length 9
will save http://api.crunchbase.com/v/1/company/yourstreet.js to /tmp/crunch/crunch/yourstreet
got a str of length 9
will save http://api.crunchbase.com/v/1/company/zerofootprint.js to /tmp/crunch/crunch/zerofootprint
got a str of length 9
will save http://api.crunchbase.com/v/1/company/vidoop.js to /tmp/crunch/crunch/vidoop
got a str of length 9
will save http://api.crunchbase.com/v/1/company/prepme.js to /tmp/crunch/crunch/prepme
got a str of length 9
will save http://api.crunchbase.com/v/1/company/globalmotion.js to /tmp/crunch/crunch/globalmotion
got a str of length 9
will save http://api.crunchbase.com/v/1/company/ceedo-technologies.js to /tmp/crunch/crunch/ceedo-technologies
got a str of length 9
will save http://api.crunchbase.com/v/1/company/sclipo.js to /tmp/crunch/crunch/sclipo
got a str of length 9
will save http://api.crunchbase.com/v/1/company/smarthippo.js to /tmp/crunch/crunch/smarthippo
got a str of length 9
will save http://api.crunchbase.com/v/1/company/snoozester.js to /tmp/crunch/crunch/snoozester
got a str of length 9
will save http://api.crunchbase.com/v/1/company/flowplay.js to /tmp/crunch/crunch/flowplay
got a str of length 9
will save http://api.crunchbase.com/v/1/company/aviary.js to /tmp/crunch/crunch/aviary
got a str of length 9
will save http://api.crunchbase.com/v/1/company/ipartee.js to /tmp/crunch/crunch/ipartee
got a str of length 9
will save http://api.crunchbase.com/v/1/company/headr.js to /tmp/crunch/crunch/headr
got a str of length 9
will save http://api.crunchbase.com/v/1/company/in2apps.js to /tmp/crunch/crunch/in2apps
got a str of length 9
will save http://api.crunchbase.com/v/1/company/imsafer.js to /tmp/crunch/crunch/imsafer
got a str of length 9
will save http://api.crunchbase.com/v/1/company/vidora-tv.js to /tmp/crunch/crunch/vidora-tv
got a str of length 9
will save http://api.crunchbase.com/v/1/company/social-project.js to /tmp/crunch/crunch/social-project
got a str of length 9
will save http://api.crunchbase.com/v/1/company/extremereality.js to /tmp/crunch/crunch/extremereality
got a str of length 9
will save http://api.crunchbase.com/v/1/company/feedjit.js to /tmp/crunch/crunch/feedjit
got a str of length 9
will save http://api.crunchbase.com/v/1/company/rotohog.js to /tmp/crunch/crunch/rotohog
got a str of length 9
will save http://api.crunchbase.com/v/1/company/balihoo.js to /tmp/crunch/crunch/balihoo
got a str of length 9
will save http://api.crunchbase.com/v/1/company/healthcare-com.js to /tmp/crunch/crunch/healthcare-com
got a str of length 9
will save http://api.crunchbase.com/v/1/company/pumpaudio.js to /tmp/crunch/crunch/pumpaudio
got a str of length 9
will save http://api.crunchbase.com/v/1/company/trivop.js to /tmp/crunch/crunch/trivop
got a str of length 9
will save http://api.crunchbase.com/v/1/company/viewpoints.js to /tmp/crunch/crunch/viewpoints
got a str of length 9
will save http://api.crunchbase.com/v/1/company/ratepoint.js to /tmp/crunch/crunch/ratepoint
got a str of length 9
will save http://api.crunchbase.com/v/1/company/geezeo.js to /tmp/crunch/crunch/geezeo
Traceback (most recent call last):
  File "crunch.py", line 207, in <module>
    c = Crunch()
  File "crunch.py", line 62, in __init__
    load_completed = self.execute_job("http://api.crunchbase.com/v/1/company/%s.js" % url, url)
  File "crunch.py", line 143, in execute_job
    status, data = self.fetch_url(url, os.path.join(self.raw_data_dir, keyref))
  File "crunch.py", line 160, in fetch_url
    response = urllib2.urlopen(request)
  File "/usr/local/lib/python2.7/urllib2.py", line 126, in urlopen
    return _opener.open(url, data, timeout)
  File "/usr/local/lib/python2.7/urllib2.py", line 398, in open
    response = meth(req, response)
  File "/usr/local/lib/python2.7/urllib2.py", line 511, in http_response
    'http', request, response, code, msg, hdrs)
  File "/usr/local/lib/python2.7/urllib2.py", line 436, in error
    return self._call_chain(*args)
  File "/usr/local/lib/python2.7/urllib2.py", line 370, in _call_chain
    result = func(*args)
  File "/usr/local/lib/python2.7/urllib2.py", line 519, in http_error_default
    raise HTTPError(req.get_full_url(), code, msg, hdrs, fp)
urllib2.HTTPError: HTTP Error 404: Not Found
